[0.053s] DEBUG:colcon:Command line arguments: ['/usr/bin/colcon', 'graph', '--dot']
[0.053s] DEBUG:colcon:Parsed command line arguments: Namespace(base_paths=['.'], build_base='build', density=False, dot=True, dot_cluster=False, dot_include_skipped=False, legend=False, log_base=None, log_level=None, main=<bound method GraphVerb.main of <colcon_package_information.verb.graph.GraphVerb object at 0x7fd6348b3dd8>>, packages_above=None, packages_above_and_dependencies=None, packages_above_depth=None, packages_end=None, packages_ignore=None, packages_ignore_regex=None, packages_select=None, packages_select_build_failed=False, packages_select_by_dep=None, packages_select_regex=None, packages_select_test_failures=False, packages_skip=None, packages_skip_build_finished=False, packages_skip_by_dep=None, packages_skip_regex=None, packages_skip_test_passed=False, packages_skip_up_to=None, packages_start=None, packages_up_to=None, packages_up_to_regex=None, paths=None, verb_extension=<colcon_package_information.verb.graph.GraphVerb object at 0x7fd6348b3dd8>, verb_name='graph', verb_parser=CustomArgumentParser(prog='colcon graph', usage=None, description='Generate a visual representation of the dependency graph.', formatter_class=<class 'colcon_core.command.CustomFormatter'>, conflict_handler='error', add_help=True))
[0.076s] Level 1:colcon.colcon_core.package_discovery:discover_packages(recursive) check parameters
[0.076s] Level 1:colcon.colcon_core.package_discovery:discover_packages(ignore) check parameters
[0.077s] Level 1:colcon.colcon_core.package_discovery:discover_packages(path) check parameters
[0.077s] Level 1:colcon.colcon_core.package_discovery:discover_packages(recursive) discover
[0.077s] INFO:colcon.colcon_core.package_discovery:Crawling recursively for packages in '/home/sevendof/software/colcon_workspace/artifacts/doxygen'
[0.077s] Level 1:colcon.colcon_core.package_identification:_identify(.) by extensions ['ignore', 'ignore_ament_install']
[0.077s] Level 1:colcon.colcon_core.package_identification:_identify(.) by extension 'ignore'
[0.077s] Level 1:colcon.colcon_core.package_identification:_identify(.) by extension 'ignore_ament_install'
[0.077s] Level 1:colcon.colcon_core.package_identification:_identify(.) by extensions ['ros']
[0.077s] Level 1:colcon.colcon_core.package_identification:_identify(.) by extension 'ros'
[0.087s] Level 1:colcon.colcon_core.package_identification:_identify(.) by extensions ['cmake', 'python']
[0.087s] Level 1:colcon.colcon_core.package_identification:_identify(.) by extension 'cmake'
[0.087s] Level 1:colcon.colcon_core.package_identification:_identify(.) by extension 'python'
[0.087s] Level 1:colcon.colcon_core.package_identification:_identify(.) by extensions ['python_setup_py']
[0.087s] Level 1:colcon.colcon_core.package_identification:_identify(.) by extension 'python_setup_py'
[0.087s] Level 1:colcon.colcon_core.package_identification:_identify(ariles2_catkin_demo) by extensions ['ignore', 'ignore_ament_install']
[0.088s] Level 1:colcon.colcon_core.package_identification:_identify(ariles2_catkin_demo) by extension 'ignore'
[0.088s] Level 1:colcon.colcon_core.package_identification:_identify(ariles2_catkin_demo) by extension 'ignore_ament_install'
[0.088s] Level 1:colcon.colcon_core.package_identification:_identify(ariles2_catkin_demo) by extensions ['ros']
[0.088s] Level 1:colcon.colcon_core.package_identification:_identify(ariles2_catkin_demo) by extension 'ros'
[0.088s] Level 1:colcon.colcon_core.package_identification:_identify(ariles2_catkin_demo) by extensions ['cmake', 'python']
[0.088s] Level 1:colcon.colcon_core.package_identification:_identify(ariles2_catkin_demo) by extension 'cmake'
[0.088s] Level 1:colcon.colcon_core.package_identification:_identify(ariles2_catkin_demo) by extension 'python'
[0.088s] Level 1:colcon.colcon_core.package_identification:_identify(ariles2_catkin_demo) by extensions ['python_setup_py']
[0.088s] Level 1:colcon.colcon_core.package_identification:_identify(ariles2_catkin_demo) by extension 'python_setup_py'
[0.088s] Level 1:colcon.colcon_core.package_identification:_identify(ariles2_catkin_demo/search) by extensions ['ignore', 'ignore_ament_install']
[0.088s] Level 1:colcon.colcon_core.package_identification:_identify(ariles2_catkin_demo/search) by extension 'ignore'
[0.088s] Level 1:colcon.colcon_core.package_identification:_identify(ariles2_catkin_demo/search) by extension 'ignore_ament_install'
[0.088s] Level 1:colcon.colcon_core.package_identification:_identify(ariles2_catkin_demo/search) by extensions ['ros']
[0.088s] Level 1:colcon.colcon_core.package_identification:_identify(ariles2_catkin_demo/search) by extension 'ros'
[0.089s] Level 1:colcon.colcon_core.package_identification:_identify(ariles2_catkin_demo/search) by extensions ['cmake', 'python']
[0.089s] Level 1:colcon.colcon_core.package_identification:_identify(ariles2_catkin_demo/search) by extension 'cmake'
[0.089s] Level 1:colcon.colcon_core.package_identification:_identify(ariles2_catkin_demo/search) by extension 'python'
[0.089s] Level 1:colcon.colcon_core.package_identification:_identify(ariles2_catkin_demo/search) by extensions ['python_setup_py']
[0.089s] Level 1:colcon.colcon_core.package_identification:_identify(ariles2_catkin_demo/search) by extension 'python_setup_py'
[0.089s] Level 1:colcon.colcon_core.package_identification:_identify(ariles2_core_catkin) by extensions ['ignore', 'ignore_ament_install']
[0.089s] Level 1:colcon.colcon_core.package_identification:_identify(ariles2_core_catkin) by extension 'ignore'
[0.089s] Level 1:colcon.colcon_core.package_identification:_identify(ariles2_core_catkin) by extension 'ignore_ament_install'
[0.089s] Level 1:colcon.colcon_core.package_identification:_identify(ariles2_core_catkin) by extensions ['ros']
[0.089s] Level 1:colcon.colcon_core.package_identification:_identify(ariles2_core_catkin) by extension 'ros'
[0.089s] Level 1:colcon.colcon_core.package_identification:_identify(ariles2_core_catkin) by extensions ['cmake', 'python']
[0.089s] Level 1:colcon.colcon_core.package_identification:_identify(ariles2_core_catkin) by extension 'cmake'
[0.089s] Level 1:colcon.colcon_core.package_identification:_identify(ariles2_core_catkin) by extension 'python'
[0.089s] Level 1:colcon.colcon_core.package_identification:_identify(ariles2_core_catkin) by extensions ['python_setup_py']
[0.089s] Level 1:colcon.colcon_core.package_identification:_identify(ariles2_core_catkin) by extension 'python_setup_py'
[0.090s] Level 1:colcon.colcon_core.package_identification:_identify(ariles2_core_catkin/search) by extensions ['ignore', 'ignore_ament_install']
[0.090s] Level 1:colcon.colcon_core.package_identification:_identify(ariles2_core_catkin/search) by extension 'ignore'
[0.090s] Level 1:colcon.colcon_core.package_identification:_identify(ariles2_core_catkin/search) by extension 'ignore_ament_install'
[0.090s] Level 1:colcon.colcon_core.package_identification:_identify(ariles2_core_catkin/search) by extensions ['ros']
[0.090s] Level 1:colcon.colcon_core.package_identification:_identify(ariles2_core_catkin/search) by extension 'ros'
[0.090s] Level 1:colcon.colcon_core.package_identification:_identify(ariles2_core_catkin/search) by extensions ['cmake', 'python']
[0.090s] Level 1:colcon.colcon_core.package_identification:_identify(ariles2_core_catkin/search) by extension 'cmake'
[0.090s] Level 1:colcon.colcon_core.package_identification:_identify(ariles2_core_catkin/search) by extension 'python'
[0.090s] Level 1:colcon.colcon_core.package_identification:_identify(ariles2_core_catkin/search) by extensions ['python_setup_py']
[0.090s] Level 1:colcon.colcon_core.package_identification:_identify(ariles2_core_catkin/search) by extension 'python_setup_py'
[0.090s] Level 1:colcon.colcon_core.package_identification:_identify(ariles2_graphviz_catkin) by extensions ['ignore', 'ignore_ament_install']
[0.090s] Level 1:colcon.colcon_core.package_identification:_identify(ariles2_graphviz_catkin) by extension 'ignore'
[0.090s] Level 1:colcon.colcon_core.package_identification:_identify(ariles2_graphviz_catkin) by extension 'ignore_ament_install'
[0.090s] Level 1:colcon.colcon_core.package_identification:_identify(ariles2_graphviz_catkin) by extensions ['ros']
[0.090s] Level 1:colcon.colcon_core.package_identification:_identify(ariles2_graphviz_catkin) by extension 'ros'
[0.091s] Level 1:colcon.colcon_core.package_identification:_identify(ariles2_graphviz_catkin) by extensions ['cmake', 'python']
[0.091s] Level 1:colcon.colcon_core.package_identification:_identify(ariles2_graphviz_catkin) by extension 'cmake'
[0.091s] Level 1:colcon.colcon_core.package_identification:_identify(ariles2_graphviz_catkin) by extension 'python'
[0.091s] Level 1:colcon.colcon_core.package_identification:_identify(ariles2_graphviz_catkin) by extensions ['python_setup_py']
[0.091s] Level 1:colcon.colcon_core.package_identification:_identify(ariles2_graphviz_catkin) by extension 'python_setup_py'
[0.091s] Level 1:colcon.colcon_core.package_identification:_identify(ariles2_graphviz_catkin/search) by extensions ['ignore', 'ignore_ament_install']
[0.091s] Level 1:colcon.colcon_core.package_identification:_identify(ariles2_graphviz_catkin/search) by extension 'ignore'
[0.091s] Level 1:colcon.colcon_core.package_identification:_identify(ariles2_graphviz_catkin/search) by extension 'ignore_ament_install'
[0.091s] Level 1:colcon.colcon_core.package_identification:_identify(ariles2_graphviz_catkin/search) by extensions ['ros']
[0.091s] Level 1:colcon.colcon_core.package_identification:_identify(ariles2_graphviz_catkin/search) by extension 'ros'
[0.091s] Level 1:colcon.colcon_core.package_identification:_identify(ariles2_graphviz_catkin/search) by extensions ['cmake', 'python']
[0.091s] Level 1:colcon.colcon_core.package_identification:_identify(ariles2_graphviz_catkin/search) by extension 'cmake'
[0.091s] Level 1:colcon.colcon_core.package_identification:_identify(ariles2_graphviz_catkin/search) by extension 'python'
[0.091s] Level 1:colcon.colcon_core.package_identification:_identify(ariles2_graphviz_catkin/search) by extensions ['python_setup_py']
[0.091s] Level 1:colcon.colcon_core.package_identification:_identify(ariles2_graphviz_catkin/search) by extension 'python_setup_py'
[0.092s] Level 1:colcon.colcon_core.package_identification:_identify(ariles2_namevalue_catkin) by extensions ['ignore', 'ignore_ament_install']
[0.092s] Level 1:colcon.colcon_core.package_identification:_identify(ariles2_namevalue_catkin) by extension 'ignore'
[0.092s] Level 1:colcon.colcon_core.package_identification:_identify(ariles2_namevalue_catkin) by extension 'ignore_ament_install'
[0.092s] Level 1:colcon.colcon_core.package_identification:_identify(ariles2_namevalue_catkin) by extensions ['ros']
[0.092s] Level 1:colcon.colcon_core.package_identification:_identify(ariles2_namevalue_catkin) by extension 'ros'
[0.092s] Level 1:colcon.colcon_core.package_identification:_identify(ariles2_namevalue_catkin) by extensions ['cmake', 'python']
[0.092s] Level 1:colcon.colcon_core.package_identification:_identify(ariles2_namevalue_catkin) by extension 'cmake'
[0.092s] Level 1:colcon.colcon_core.package_identification:_identify(ariles2_namevalue_catkin) by extension 'python'
[0.092s] Level 1:colcon.colcon_core.package_identification:_identify(ariles2_namevalue_catkin) by extensions ['python_setup_py']
[0.092s] Level 1:colcon.colcon_core.package_identification:_identify(ariles2_namevalue_catkin) by extension 'python_setup_py'
[0.092s] Level 1:colcon.colcon_core.package_identification:_identify(ariles2_namevalue_catkin/search) by extensions ['ignore', 'ignore_ament_install']
[0.092s] Level 1:colcon.colcon_core.package_identification:_identify(ariles2_namevalue_catkin/search) by extension 'ignore'
[0.092s] Level 1:colcon.colcon_core.package_identification:_identify(ariles2_namevalue_catkin/search) by extension 'ignore_ament_install'
[0.092s] Level 1:colcon.colcon_core.package_identification:_identify(ariles2_namevalue_catkin/search) by extensions ['ros']
[0.092s] Level 1:colcon.colcon_core.package_identification:_identify(ariles2_namevalue_catkin/search) by extension 'ros'
[0.092s] Level 1:colcon.colcon_core.package_identification:_identify(ariles2_namevalue_catkin/search) by extensions ['cmake', 'python']
[0.093s] Level 1:colcon.colcon_core.package_identification:_identify(ariles2_namevalue_catkin/search) by extension 'cmake'
[0.093s] Level 1:colcon.colcon_core.package_identification:_identify(ariles2_namevalue_catkin/search) by extension 'python'
[0.093s] Level 1:colcon.colcon_core.package_identification:_identify(ariles2_namevalue_catkin/search) by extensions ['python_setup_py']
[0.093s] Level 1:colcon.colcon_core.package_identification:_identify(ariles2_namevalue_catkin/search) by extension 'python_setup_py'
[0.093s] Level 1:colcon.colcon_core.package_identification:_identify(ariles2_octave_catkin) by extensions ['ignore', 'ignore_ament_install']
[0.093s] Level 1:colcon.colcon_core.package_identification:_identify(ariles2_octave_catkin) by extension 'ignore'
[0.093s] Level 1:colcon.colcon_core.package_identification:_identify(ariles2_octave_catkin) by extension 'ignore_ament_install'
[0.093s] Level 1:colcon.colcon_core.package_identification:_identify(ariles2_octave_catkin) by extensions ['ros']
[0.093s] Level 1:colcon.colcon_core.package_identification:_identify(ariles2_octave_catkin) by extension 'ros'
[0.093s] Level 1:colcon.colcon_core.package_identification:_identify(ariles2_octave_catkin) by extensions ['cmake', 'python']
[0.093s] Level 1:colcon.colcon_core.package_identification:_identify(ariles2_octave_catkin) by extension 'cmake'
[0.093s] Level 1:colcon.colcon_core.package_identification:_identify(ariles2_octave_catkin) by extension 'python'
[0.093s] Level 1:colcon.colcon_core.package_identification:_identify(ariles2_octave_catkin) by extensions ['python_setup_py']
[0.093s] Level 1:colcon.colcon_core.package_identification:_identify(ariles2_octave_catkin) by extension 'python_setup_py'
[0.093s] Level 1:colcon.colcon_core.package_identification:_identify(ariles2_octave_catkin/search) by extensions ['ignore', 'ignore_ament_install']
[0.093s] Level 1:colcon.colcon_core.package_identification:_identify(ariles2_octave_catkin/search) by extension 'ignore'
[0.094s] Level 1:colcon.colcon_core.package_identification:_identify(ariles2_octave_catkin/search) by extension 'ignore_ament_install'
[0.094s] Level 1:colcon.colcon_core.package_identification:_identify(ariles2_octave_catkin/search) by extensions ['ros']
[0.094s] Level 1:colcon.colcon_core.package_identification:_identify(ariles2_octave_catkin/search) by extension 'ros'
[0.094s] Level 1:colcon.colcon_core.package_identification:_identify(ariles2_octave_catkin/search) by extensions ['cmake', 'python']
[0.094s] Level 1:colcon.colcon_core.package_identification:_identify(ariles2_octave_catkin/search) by extension 'cmake'
[0.094s] Level 1:colcon.colcon_core.package_identification:_identify(ariles2_octave_catkin/search) by extension 'python'
[0.094s] Level 1:colcon.colcon_core.package_identification:_identify(ariles2_octave_catkin/search) by extensions ['python_setup_py']
[0.094s] Level 1:colcon.colcon_core.package_identification:_identify(ariles2_octave_catkin/search) by extension 'python_setup_py'
[0.094s] Level 1:colcon.colcon_core.package_identification:_identify(ariles2_rapidjson_catkin) by extensions ['ignore', 'ignore_ament_install']
[0.094s] Level 1:colcon.colcon_core.package_identification:_identify(ariles2_rapidjson_catkin) by extension 'ignore'
[0.094s] Level 1:colcon.colcon_core.package_identification:_identify(ariles2_rapidjson_catkin) by extension 'ignore_ament_install'
[0.094s] Level 1:colcon.colcon_core.package_identification:_identify(ariles2_rapidjson_catkin) by extensions ['ros']
[0.094s] Level 1:colcon.colcon_core.package_identification:_identify(ariles2_rapidjson_catkin) by extension 'ros'
[0.094s] Level 1:colcon.colcon_core.package_identification:_identify(ariles2_rapidjson_catkin) by extensions ['cmake', 'python']
[0.094s] Level 1:colcon.colcon_core.package_identification:_identify(ariles2_rapidjson_catkin) by extension 'cmake'
[0.094s] Level 1:colcon.colcon_core.package_identification:_identify(ariles2_rapidjson_catkin) by extension 'python'
[0.094s] Level 1:colcon.colcon_core.package_identification:_identify(ariles2_rapidjson_catkin) by extensions ['python_setup_py']
[0.094s] Level 1:colcon.colcon_core.package_identification:_identify(ariles2_rapidjson_catkin) by extension 'python_setup_py'
[0.095s] Level 1:colcon.colcon_core.package_identification:_identify(ariles2_rapidjson_catkin/search) by extensions ['ignore', 'ignore_ament_install']
[0.095s] Level 1:colcon.colcon_core.package_identification:_identify(ariles2_rapidjson_catkin/search) by extension 'ignore'
[0.095s] Level 1:colcon.colcon_core.package_identification:_identify(ariles2_rapidjson_catkin/search) by extension 'ignore_ament_install'
[0.095s] Level 1:colcon.colcon_core.package_identification:_identify(ariles2_rapidjson_catkin/search) by extensions ['ros']
[0.095s] Level 1:colcon.colcon_core.package_identification:_identify(ariles2_rapidjson_catkin/search) by extension 'ros'
[0.095s] Level 1:colcon.colcon_core.package_identification:_identify(ariles2_rapidjson_catkin/search) by extensions ['cmake', 'python']
[0.095s] Level 1:colcon.colcon_core.package_identification:_identify(ariles2_rapidjson_catkin/search) by extension 'cmake'
[0.095s] Level 1:colcon.colcon_core.package_identification:_identify(ariles2_rapidjson_catkin/search) by extension 'python'
[0.095s] Level 1:colcon.colcon_core.package_identification:_identify(ariles2_rapidjson_catkin/search) by extensions ['python_setup_py']
[0.095s] Level 1:colcon.colcon_core.package_identification:_identify(ariles2_rapidjson_catkin/search) by extension 'python_setup_py'
[0.095s] Level 1:colcon.colcon_core.package_identification:_identify(ariles2_rosparam_catkin) by extensions ['ignore', 'ignore_ament_install']
[0.095s] Level 1:colcon.colcon_core.package_identification:_identify(ariles2_rosparam_catkin) by extension 'ignore'
[0.095s] Level 1:colcon.colcon_core.package_identification:_identify(ariles2_rosparam_catkin) by extension 'ignore_ament_install'
[0.095s] Level 1:colcon.colcon_core.package_identification:_identify(ariles2_rosparam_catkin) by extensions ['ros']
[0.095s] Level 1:colcon.colcon_core.package_identification:_identify(ariles2_rosparam_catkin) by extension 'ros'
[0.095s] Level 1:colcon.colcon_core.package_identification:_identify(ariles2_rosparam_catkin) by extensions ['cmake', 'python']
[0.096s] Level 1:colcon.colcon_core.package_identification:_identify(ariles2_rosparam_catkin) by extension 'cmake'
[0.096s] Level 1:colcon.colcon_core.package_identification:_identify(ariles2_rosparam_catkin) by extension 'python'
[0.096s] Level 1:colcon.colcon_core.package_identification:_identify(ariles2_rosparam_catkin) by extensions ['python_setup_py']
[0.096s] Level 1:colcon.colcon_core.package_identification:_identify(ariles2_rosparam_catkin) by extension 'python_setup_py'
[0.096s] Level 1:colcon.colcon_core.package_identification:_identify(ariles2_rosparam_catkin/search) by extensions ['ignore', 'ignore_ament_install']
[0.096s] Level 1:colcon.colcon_core.package_identification:_identify(ariles2_rosparam_catkin/search) by extension 'ignore'
[0.096s] Level 1:colcon.colcon_core.package_identification:_identify(ariles2_rosparam_catkin/search) by extension 'ignore_ament_install'
[0.096s] Level 1:colcon.colcon_core.package_identification:_identify(ariles2_rosparam_catkin/search) by extensions ['ros']
[0.096s] Level 1:colcon.colcon_core.package_identification:_identify(ariles2_rosparam_catkin/search) by extension 'ros'
[0.096s] Level 1:colcon.colcon_core.package_identification:_identify(ariles2_rosparam_catkin/search) by extensions ['cmake', 'python']
[0.096s] Level 1:colcon.colcon_core.package_identification:_identify(ariles2_rosparam_catkin/search) by extension 'cmake'
[0.096s] Level 1:colcon.colcon_core.package_identification:_identify(ariles2_rosparam_catkin/search) by extension 'python'
[0.096s] Level 1:colcon.colcon_core.package_identification:_identify(ariles2_rosparam_catkin/search) by extensions ['python_setup_py']
[0.096s] Level 1:colcon.colcon_core.package_identification:_identify(ariles2_rosparam_catkin/search) by extension 'python_setup_py'
[0.096s] Level 1:colcon.colcon_core.package_identification:_identify(ariles2_yamlcpp_catkin) by extensions ['ignore', 'ignore_ament_install']
[0.097s] Level 1:colcon.colcon_core.package_identification:_identify(ariles2_yamlcpp_catkin) by extension 'ignore'
[0.097s] Level 1:colcon.colcon_core.package_identification:_identify(ariles2_yamlcpp_catkin) by extension 'ignore_ament_install'
[0.097s] Level 1:colcon.colcon_core.package_identification:_identify(ariles2_yamlcpp_catkin) by extensions ['ros']
[0.097s] Level 1:colcon.colcon_core.package_identification:_identify(ariles2_yamlcpp_catkin) by extension 'ros'
[0.097s] Level 1:colcon.colcon_core.package_identification:_identify(ariles2_yamlcpp_catkin) by extensions ['cmake', 'python']
[0.097s] Level 1:colcon.colcon_core.package_identification:_identify(ariles2_yamlcpp_catkin) by extension 'cmake'
[0.097s] Level 1:colcon.colcon_core.package_identification:_identify(ariles2_yamlcpp_catkin) by extension 'python'
[0.097s] Level 1:colcon.colcon_core.package_identification:_identify(ariles2_yamlcpp_catkin) by extensions ['python_setup_py']
[0.097s] Level 1:colcon.colcon_core.package_identification:_identify(ariles2_yamlcpp_catkin) by extension 'python_setup_py'
[0.097s] Level 1:colcon.colcon_core.package_identification:_identify(ariles2_yamlcpp_catkin/search) by extensions ['ignore', 'ignore_ament_install']
[0.097s] Level 1:colcon.colcon_core.package_identification:_identify(ariles2_yamlcpp_catkin/search) by extension 'ignore'
[0.097s] Level 1:colcon.colcon_core.package_identification:_identify(ariles2_yamlcpp_catkin/search) by extension 'ignore_ament_install'
[0.097s] Level 1:colcon.colcon_core.package_identification:_identify(ariles2_yamlcpp_catkin/search) by extensions ['ros']
[0.097s] Level 1:colcon.colcon_core.package_identification:_identify(ariles2_yamlcpp_catkin/search) by extension 'ros'
[0.097s] Level 1:colcon.colcon_core.package_identification:_identify(ariles2_yamlcpp_catkin/search) by extensions ['cmake', 'python']
[0.097s] Level 1:colcon.colcon_core.package_identification:_identify(ariles2_yamlcpp_catkin/search) by extension 'cmake'
[0.098s] Level 1:colcon.colcon_core.package_identification:_identify(ariles2_yamlcpp_catkin/search) by extension 'python'
[0.098s] Level 1:colcon.colcon_core.package_identification:_identify(ariles2_yamlcpp_catkin/search) by extensions ['python_setup_py']
[0.098s] Level 1:colcon.colcon_core.package_identification:_identify(ariles2_yamlcpp_catkin/search) by extension 'python_setup_py'
[0.098s] Level 1:colcon.colcon_core.package_identification:_identify(log) by extensions ['ignore', 'ignore_ament_install']
[0.098s] Level 1:colcon.colcon_core.package_identification:_identify(log) by extension 'ignore'
[0.098s] Level 1:colcon.colcon_core.package_identification:_identify(log) ignored
[0.098s] Level 1:colcon.colcon_core.package_identification:_identify(package_a) by extensions ['ignore', 'ignore_ament_install']
[0.098s] Level 1:colcon.colcon_core.package_identification:_identify(package_a) by extension 'ignore'
[0.098s] Level 1:colcon.colcon_core.package_identification:_identify(package_a) by extension 'ignore_ament_install'
[0.098s] Level 1:colcon.colcon_core.package_identification:_identify(package_a) by extensions ['ros']
[0.098s] Level 1:colcon.colcon_core.package_identification:_identify(package_a) by extension 'ros'
[0.098s] Level 1:colcon.colcon_core.package_identification:_identify(package_a) by extensions ['cmake', 'python']
[0.099s] Level 1:colcon.colcon_core.package_identification:_identify(package_a) by extension 'cmake'
[0.099s] Level 1:colcon.colcon_core.package_identification:_identify(package_a) by extension 'python'
[0.099s] Level 1:colcon.colcon_core.package_identification:_identify(package_a) by extensions ['python_setup_py']
[0.099s] Level 1:colcon.colcon_core.package_identification:_identify(package_a) by extension 'python_setup_py'
[0.099s] Level 1:colcon.colcon_core.package_identification:_identify(package_a/search) by extensions ['ignore', 'ignore_ament_install']
[0.099s] Level 1:colcon.colcon_core.package_identification:_identify(package_a/search) by extension 'ignore'
[0.099s] Level 1:colcon.colcon_core.package_identification:_identify(package_a/search) by extension 'ignore_ament_install'
[0.099s] Level 1:colcon.colcon_core.package_identification:_identify(package_a/search) by extensions ['ros']
[0.099s] Level 1:colcon.colcon_core.package_identification:_identify(package_a/search) by extension 'ros'
[0.099s] Level 1:colcon.colcon_core.package_identification:_identify(package_a/search) by extensions ['cmake', 'python']
[0.099s] Level 1:colcon.colcon_core.package_identification:_identify(package_a/search) by extension 'cmake'
[0.099s] Level 1:colcon.colcon_core.package_identification:_identify(package_a/search) by extension 'python'
[0.099s] Level 1:colcon.colcon_core.package_identification:_identify(package_a/search) by extensions ['python_setup_py']
[0.099s] Level 1:colcon.colcon_core.package_identification:_identify(package_a/search) by extension 'python_setup_py'
[0.099s] Level 1:colcon.colcon_core.package_identification:_identify(package_b) by extensions ['ignore', 'ignore_ament_install']
[0.100s] Level 1:colcon.colcon_core.package_identification:_identify(package_b) by extension 'ignore'
[0.100s] Level 1:colcon.colcon_core.package_identification:_identify(package_b) by extension 'ignore_ament_install'
[0.100s] Level 1:colcon.colcon_core.package_identification:_identify(package_b) by extensions ['ros']
[0.100s] Level 1:colcon.colcon_core.package_identification:_identify(package_b) by extension 'ros'
[0.100s] Level 1:colcon.colcon_core.package_identification:_identify(package_b) by extensions ['cmake', 'python']
[0.100s] Level 1:colcon.colcon_core.package_identification:_identify(package_b) by extension 'cmake'
[0.100s] Level 1:colcon.colcon_core.package_identification:_identify(package_b) by extension 'python'
[0.100s] Level 1:colcon.colcon_core.package_identification:_identify(package_b) by extensions ['python_setup_py']
[0.100s] Level 1:colcon.colcon_core.package_identification:_identify(package_b) by extension 'python_setup_py'
[0.100s] Level 1:colcon.colcon_core.package_identification:_identify(package_b/search) by extensions ['ignore', 'ignore_ament_install']
[0.100s] Level 1:colcon.colcon_core.package_identification:_identify(package_b/search) by extension 'ignore'
[0.100s] Level 1:colcon.colcon_core.package_identification:_identify(package_b/search) by extension 'ignore_ament_install'
[0.100s] Level 1:colcon.colcon_core.package_identification:_identify(package_b/search) by extensions ['ros']
[0.100s] Level 1:colcon.colcon_core.package_identification:_identify(package_b/search) by extension 'ros'
[0.100s] Level 1:colcon.colcon_core.package_identification:_identify(package_b/search) by extensions ['cmake', 'python']
[0.100s] Level 1:colcon.colcon_core.package_identification:_identify(package_b/search) by extension 'cmake'
[0.101s] Level 1:colcon.colcon_core.package_identification:_identify(package_b/search) by extension 'python'
[0.101s] Level 1:colcon.colcon_core.package_identification:_identify(package_b/search) by extensions ['python_setup_py']
[0.101s] Level 1:colcon.colcon_core.package_identification:_identify(package_b/search) by extension 'python_setup_py'
[0.101s] Level 1:colcon.colcon_core.package_identification:_identify(package_c) by extensions ['ignore', 'ignore_ament_install']
[0.101s] Level 1:colcon.colcon_core.package_identification:_identify(package_c) by extension 'ignore'
[0.101s] Level 1:colcon.colcon_core.package_identification:_identify(package_c) by extension 'ignore_ament_install'
[0.101s] Level 1:colcon.colcon_core.package_identification:_identify(package_c) by extensions ['ros']
[0.101s] Level 1:colcon.colcon_core.package_identification:_identify(package_c) by extension 'ros'
[0.101s] Level 1:colcon.colcon_core.package_identification:_identify(package_c) by extensions ['cmake', 'python']
[0.101s] Level 1:colcon.colcon_core.package_identification:_identify(package_c) by extension 'cmake'
[0.101s] Level 1:colcon.colcon_core.package_identification:_identify(package_c) by extension 'python'
[0.101s] Level 1:colcon.colcon_core.package_identification:_identify(package_c) by extensions ['python_setup_py']
[0.101s] Level 1:colcon.colcon_core.package_identification:_identify(package_c) by extension 'python_setup_py'
[0.101s] Level 1:colcon.colcon_core.package_identification:_identify(package_c/search) by extensions ['ignore', 'ignore_ament_install']
[0.101s] Level 1:colcon.colcon_core.package_identification:_identify(package_c/search) by extension 'ignore'
[0.102s] Level 1:colcon.colcon_core.package_identification:_identify(package_c/search) by extension 'ignore_ament_install'
[0.102s] Level 1:colcon.colcon_core.package_identification:_identify(package_c/search) by extensions ['ros']
[0.102s] Level 1:colcon.colcon_core.package_identification:_identify(package_c/search) by extension 'ros'
[0.102s] Level 1:colcon.colcon_core.package_identification:_identify(package_c/search) by extensions ['cmake', 'python']
[0.102s] Level 1:colcon.colcon_core.package_identification:_identify(package_c/search) by extension 'cmake'
[0.102s] Level 1:colcon.colcon_core.package_identification:_identify(package_c/search) by extension 'python'
[0.102s] Level 1:colcon.colcon_core.package_identification:_identify(package_c/search) by extensions ['python_setup_py']
[0.102s] Level 1:colcon.colcon_core.package_identification:_identify(package_c/search) by extension 'python_setup_py'
[0.102s] Level 1:colcon.colcon_core.package_identification:_identify(staticoma) by extensions ['ignore', 'ignore_ament_install']
[0.102s] Level 1:colcon.colcon_core.package_identification:_identify(staticoma) by extension 'ignore'
[0.102s] Level 1:colcon.colcon_core.package_identification:_identify(staticoma) by extension 'ignore_ament_install'
[0.102s] Level 1:colcon.colcon_core.package_identification:_identify(staticoma) by extensions ['ros']
[0.102s] Level 1:colcon.colcon_core.package_identification:_identify(staticoma) by extension 'ros'
[0.102s] Level 1:colcon.colcon_core.package_identification:_identify(staticoma) by extensions ['cmake', 'python']
[0.102s] Level 1:colcon.colcon_core.package_identification:_identify(staticoma) by extension 'cmake'
[0.102s] Level 1:colcon.colcon_core.package_identification:_identify(staticoma) by extension 'python'
[0.102s] Level 1:colcon.colcon_core.package_identification:_identify(staticoma) by extensions ['python_setup_py']
[0.102s] Level 1:colcon.colcon_core.package_identification:_identify(staticoma) by extension 'python_setup_py'
[0.103s] Level 1:colcon.colcon_core.package_identification:_identify(staticoma/search) by extensions ['ignore', 'ignore_ament_install']
[0.103s] Level 1:colcon.colcon_core.package_identification:_identify(staticoma/search) by extension 'ignore'
[0.103s] Level 1:colcon.colcon_core.package_identification:_identify(staticoma/search) by extension 'ignore_ament_install'
[0.103s] Level 1:colcon.colcon_core.package_identification:_identify(staticoma/search) by extensions ['ros']
[0.103s] Level 1:colcon.colcon_core.package_identification:_identify(staticoma/search) by extension 'ros'
[0.103s] Level 1:colcon.colcon_core.package_identification:_identify(staticoma/search) by extensions ['cmake', 'python']
[0.103s] Level 1:colcon.colcon_core.package_identification:_identify(staticoma/search) by extension 'cmake'
[0.103s] Level 1:colcon.colcon_core.package_identification:_identify(staticoma/search) by extension 'python'
[0.103s] Level 1:colcon.colcon_core.package_identification:_identify(staticoma/search) by extensions ['python_setup_py']
[0.103s] Level 1:colcon.colcon_core.package_identification:_identify(staticoma/search) by extension 'python_setup_py'
[0.103s] Level 1:colcon.colcon_core.package_discovery:discover_packages(recursive) using defaults
[0.103s] Level 1:colcon.colcon_core.package_discovery:discover_packages(ignore) discover
[0.103s] Level 1:colcon.colcon_core.package_discovery:discover_packages(ignore) using defaults
[0.104s] Level 1:colcon.colcon_core.package_discovery:discover_packages(path) discover
[0.104s] Level 1:colcon.colcon_core.package_discovery:discover_packages(path) using defaults
